\BOOKMARK [2][-]{subsection.0.1}{[Please insert \PrerenderUnicode\173\unichar\17322823\175\175 into preamble][Please insert \PrerenderUnicode\173\unichar\17320332\175\175 into preamble][Please insert \PrerenderUnicode\173\unichar\17338215\175\175 into preamble][Please insert \PrerenderUnicode\173\unichar\17327004\175\175 into preamble]}{}% 1
\BOOKMARK [3][-]{subsubsection.0.1.1}{1.4 Higher-order function}{subsection.0.1}% 2
\BOOKMARK [3][-]{subsubsection.0.1.2}{1.5 Environment for H\137O function}{subsection.0.1}% 3
\BOOKMARK [3][-]{subsubsection.0.1.3}{1.6 Interation}{subsection.0.1}% 4
\BOOKMARK [3][-]{subsubsection.0.1.4}{1.7 recursive function}{subsection.0.1}% 5
\BOOKMARK [3][-]{subsubsection.0.1.5}{1.8 Tree recursion}{subsection.0.1}% 6
\BOOKMARK [3][-]{subsubsection.0.1.6}{1.9 Function Examples}{subsection.0.1}% 7
\BOOKMARK [3][-]{subsubsection.0.1.7}{1.10 Data Abstraction}{subsection.0.1}% 8
\BOOKMARK [3][-]{subsubsection.0.1.8}{1.11 Containers}{subsection.0.1}% 9
\BOOKMARK [3][-]{subsubsection.0.1.9}{1.12 mutable values}{subsection.0.1}% 10
\BOOKMARK [3][-]{subsubsection.0.1.10}{1.14 mutable functions}{subsection.0.1}% 11
\BOOKMARK [3][-]{subsubsection.0.1.11}{1.15 oriented-object programming}{subsection.0.1}% 12
\BOOKMARK [3][-]{subsubsection.0.1.12}{1.6 inheriate}{subsection.0.1}% 13
\BOOKMARK [3][-]{subsubsection.0.1.13}{1.7 Represention}{subsection.0.1}% 14
\BOOKMARK [3][-]{subsubsection.0.1.14}{1.18 Growth}{subsection.0.1}% 15
\BOOKMARK [3][-]{subsubsection.0.1.15}{1.19 composition}{subsection.0.1}% 16
\BOOKMARK [3][-]{subsubsection.0.1.16}{1.20 set}{subsection.0.1}% 17
\BOOKMARK [3][-]{subsubsection.0.1.17}{1.21 Binary Tree}{subsection.0.1}% 18
\BOOKMARK [3][-]{subsubsection.0.1.18}{1.22 Data Examples}{subsection.0.1}% 19
\BOOKMARK [3][-]{subsubsection.0.1.19}{1.24}{subsection.0.1}% 20
\BOOKMARK [3][-]{subsubsection.0.1.20}{1.25 Exceptions}{subsection.0.1}% 21
\BOOKMARK [3][-]{subsubsection.0.1.21}{1.26 calculator}{subsection.0.1}% 22
\BOOKMARK [3][-]{subsubsection.0.1.22}{1.27 Interpreters}{subsection.0.1}% 23
\BOOKMARK [3][-]{subsubsection.0.1.23}{1.28 Tail calls}{subsection.0.1}% 24
\BOOKMARK [3][-]{subsubsection.0.1.24}{Map and Reduce Google [Please insert \PrerenderUnicode\173\unichar\17335770\175\175 into preamble][Please insert \PrerenderUnicode\173\unichar\17325991\175\175 into preamble][Please insert \PrerenderUnicode\173\unichar\17322823\175\175 into preamble][Please insert \PrerenderUnicode\173\unichar\17320316\175\175 into preamble]}{subsection.0.1}% 25
\BOOKMARK [3][-]{subsubsection.0.1.25}{1.29 Macros}{subsection.0.1}% 26
\BOOKMARK [3][-]{subsubsection.0.1.26}{1.30 Iterators}{subsection.0.1}% 27
\BOOKMARK [3][-]{subsubsection.0.1.27}{1.31 streams}{subsection.0.1}% 28
\BOOKMARK [3][-]{subsubsection.0.1.28}{1.32 declarative programming}{subsection.0.1}% 29
\BOOKMARK [3][-]{subsubsection.0.1.29}{1.37 Natual language}{subsection.0.1}% 30
